
Showing logs for build [32mcb-kubecd-environment-pr-213-34-kz8m2-1[0m stage [32mfrom-build-pack[0m and container [32mstep-credential-initializer-qf8cx[0m
{"level":"info","ts":1588646912.656296,"logger":"fallback-logger","caller":"logging/config.go:69","msg":"Fetch GitHub commit ID from kodata failed: open /var/run/ko/refs/heads/0.8.0-ns-support: no such file or directory"}
{"level":"info","ts":1588646912.6572225,"logger":"fallback-logger","caller":"creds-init/main.go:40","msg":"Credentials initialized."}

Showing logs for build [32mcb-kubecd-environment-pr-213-34-kz8m2-1[0m stage [32mfrom-build-pack[0m and container [32mstep-working-dir-initializer-qflzb[0m
{"level":"info","ts":1588646913.250249,"logger":"fallback-logger","caller":"logging/config.go:69","msg":"Fetch GitHub commit ID from kodata failed: open /var/run/ko/HEAD: no such file or directory"}
{"level":"info","ts":1588646913.2520328,"logger":"fallback-logger","caller":"bash/main.go:64","msg":"Successfully executed command \"sh -c mkdir -p /workspace/source\"; output "}

Showing logs for build [32mcb-kubecd-environment-pr-213-34-kz8m2-1[0m stage [32mfrom-build-pack[0m and container [32mstep-place-tools[0m

Showing logs for build [32mcb-kubecd-environment-pr-213-34-kz8m2-1[0m stage [32mfrom-build-pack[0m and container [32mstep-git-source-cb-kubecd-environment-pr-213-34-kz8m2-zk9k7[0m
{"level":"info","ts":1588646917.377648,"logger":"fallback-logger","caller":"logging/config.go:69","msg":"Fetch GitHub commit ID from kodata failed: open /var/run/ko/refs/heads/0.8.0-ns-support: no such file or directory"}
{"level":"info","ts":1588646918.4012618,"logger":"fallback-logger","caller":"git/git.go:103","msg":"Successfully cloned https://github.com/cb-kubecd/environment-pr-213-34-boot-vault-gke-production.git @ master in path /workspace/source"}

Showing logs for build [32mcb-kubecd-environment-pr-213-34-kz8m2-1[0m stage [32mfrom-build-pack[0m and container [32mstep-git-merge[0m
Using SHAs from PULL_REFS=master:8e23a4efd2d01fc1c7245592d798c3ae460413f5,1:17e3cd4edde1bde83b2c2b7a73b65d675f9eac2d
DEBUG: LC_ALL=C JX_LOG_LEVEL=error git fetch origin --unshallow 17e3cd4edde1bde83b2c2b7a73b65d675f9eac2d: 8e23a4efd2d01fc1c7245592d798c3ae460413f5:
DEBUG: ran git fetch --unshallow origin 17e3cd4edde1bde83b2c2b7a73b65d675f9eac2d: 8e23a4efd2d01fc1c7245592d798c3ae460413f5: in 
DEBUG: JX_LOG_LEVEL=error LC_ALL=C git branch
DEBUG: LC_ALL=C JX_LOG_LEVEL=error git checkout master
DEBUG: ran git checkout master in 
DEBUG: JX_LOG_LEVEL=error LC_ALL=C git reset --hard 8e23a4efd2d01fc1c7245592d798c3ae460413f5
DEBUG: ran git reset --hard 8e23a4efd2d01fc1c7245592d798c3ae460413f5 in 
DEBUG: LC_ALL=C JX_LOG_LEVEL=error git clean -fd .
DEBUG: ran clean --force -d . in 
DEBUG: LC_ALL=C JX_LOG_LEVEL=error git merge 17e3cd4edde1bde83b2c2b7a73b65d675f9eac2d
DEBUG: ran git merge 17e3cd4edde1bde83b2c2b7a73b65d675f9eac2d in 
DEBUG: LC_ALL=C JX_LOG_LEVEL=error git log --format=%H%x1f%an%x1f%ae%x1f%cn%x1f%ce%x1f%s%n%b%x1e 8e23a4efd2d01fc1c7245592d798c3ae460413f5..HEAD
Merged SHA 17e3cd4edde1bde83b2c2b7a73b65d675f9eac2d with commit message 'chore: Promote bdd-spring-1588645793 to version 0.0.1' into base branch master

Showing logs for build [32mcb-kubecd-environment-pr-213-34-kz8m2-1[0m stage [32mfrom-build-pack[0m and container [32mstep-build-helm-build[0m
WARNING: No $CHART_REPOSITORY defined so using the default value of: http://jenkins-x-chartmuseum:8080
Adding missing Helm repo: storage.googleapis.com https://storage.googleapis.com/chartmuseum.jenkins-x.io
WARNING: No secrets found on "helm/repos" due: reading the secret "helm/repos" from vault: no secret "helm/repos" not found in vault
Read credentials for https://storage.googleapis.com/chartmuseum.jenkins-x.io from vault helm/repos
Successfully added Helm repository storage.googleapis.com.
Adding missing Helm repo: jenkins-x-chartmuseum http://jenkins-x-chartmuseum:8080
WARNING: No secrets found on "helm/repos" due: reading the secret "helm/repos" from vault: no secret "helm/repos" not found in vault
Read credentials for http://jenkins-x-chartmuseum:8080 from vault helm/repos
Successfully added Helm repository jenkins-x-chartmuseum.
WARNING: No $CHART_REPOSITORY defined so using the default value of: http://jenkins-x-chartmuseum:8080
Adding missing Helm repo: chartmuseum.jenkins-x.io http://chartmuseum.jenkins-x.io
WARNING: No secrets found on "helm/repos" due: reading the secret "helm/repos" from vault: no secret "helm/repos" not found in vault
Read credentials for http://chartmuseum.jenkins-x.io from vault helm/repos
Successfully added Helm repository chartmuseum.jenkins-x.io.
